<?xml version="1.0" encoding="UTF-8"?>
<testng-results skipped="0" failed="1" total="12" passed="11">
  <reporter-output>
  </reporter-output>
  <suite name="Command line suite" duration-ms="516193" started-at="2018-03-25T09:22:50Z" finished-at="2018-03-25T09:31:26Z">
    <groups>
    </groups>
    <test name="Command line test" duration-ms="516193" started-at="2018-03-25T09:22:50Z" finished-at="2018-03-25T09:31:26Z">
      <class name="com.crm.testcases.HomePageTest">
        <test-method status="PASS" signature="setUp()[pri:0, instance:com.crm.testcases.HomePageTest@1a485d2]" name="setUp" is-config="true" duration-ms="88147" started-at="2018-03-25T14:56:11Z" finished-at="2018-03-25T14:57:39Z">
          <reporter-output>
          </reporter-output>
        </test-method> <!-- setUp -->
        <test-method status="PASS" signature="verifyHomePageTitleTest()[pri:0, instance:com.crm.testcases.HomePageTest@1a485d2]" name="verifyHomePageTitleTest" duration-ms="1134" started-at="2018-03-25T14:57:39Z" finished-at="2018-03-25T14:57:41Z">
          <reporter-output>
          </reporter-output>
        </test-method> <!-- verifyHomePageTitleTest -->
        <test-method status="PASS" signature="tearDown()[pri:0, instance:com.crm.testcases.HomePageTest@1a485d2]" name="tearDown" is-config="true" duration-ms="1491" started-at="2018-03-25T14:57:41Z" finished-at="2018-03-25T14:57:42Z">
          <reporter-output>
          </reporter-output>
        </test-method> <!-- tearDown -->
        <test-method status="PASS" signature="setUp()[pri:0, instance:com.crm.testcases.HomePageTest@1a485d2]" name="setUp" is-config="true" duration-ms="33889" started-at="2018-03-25T14:58:46Z" finished-at="2018-03-25T14:59:20Z">
          <reporter-output>
          </reporter-output>
        </test-method> <!-- setUp -->
        <test-method status="PASS" signature="verifyUserNameTest()[pri:0, instance:com.crm.testcases.HomePageTest@1a485d2]" name="verifyUserNameTest" duration-ms="384" started-at="2018-03-25T14:59:20Z" finished-at="2018-03-25T14:59:21Z">
          <reporter-output>
          </reporter-output>
        </test-method> <!-- verifyUserNameTest -->
        <test-method status="PASS" signature="tearDown()[pri:0, instance:com.crm.testcases.HomePageTest@1a485d2]" name="tearDown" is-config="true" duration-ms="1054" started-at="2018-03-25T14:59:21Z" finished-at="2018-03-25T14:59:22Z">
          <reporter-output>
          </reporter-output>
        </test-method> <!-- tearDown -->
        <test-method status="PASS" signature="setUp()[pri:0, instance:com.crm.testcases.HomePageTest@1a485d2]" name="setUp" is-config="true" duration-ms="36225" started-at="2018-03-25T14:59:46Z" finished-at="2018-03-25T15:00:23Z">
          <reporter-output>
          </reporter-output>
        </test-method> <!-- setUp -->
        <test-method status="PASS" signature="verifyContactsLinkTest()[pri:0, instance:com.crm.testcases.HomePageTest@1a485d2]" name="verifyContactsLinkTest" duration-ms="900" started-at="2018-03-25T15:00:23Z" finished-at="2018-03-25T15:00:24Z">
          <reporter-output>
          </reporter-output>
        </test-method> <!-- verifyContactsLinkTest -->
        <test-method status="PASS" signature="tearDown()[pri:0, instance:com.crm.testcases.HomePageTest@1a485d2]" name="tearDown" is-config="true" duration-ms="3505" started-at="2018-03-25T15:00:24Z" finished-at="2018-03-25T15:00:27Z">
          <reporter-output>
          </reporter-output>
        </test-method> <!-- tearDown -->
      </class> <!-- com.crm.testcases.HomePageTest -->
      <class name="com.crm.testcases.ContactsPageTest">
        <test-method status="PASS" signature="setUp()[pri:0, instance:com.crm.testcases.ContactsPageTest@14bef66]" name="setUp" is-config="true" duration-ms="46902" started-at="2018-03-25T14:52:52Z" finished-at="2018-03-25T14:53:39Z">
          <reporter-output>
          </reporter-output>
        </test-method> <!-- setUp -->
        <test-method status="PASS" signature="validateCreatenewContact(java.lang.String, java.lang.String, java.lang.String, java.lang.String)[pri:0, instance:com.crm.testcases.ContactsPageTest@14bef66]" name="validateCreatenewContact" duration-ms="6653" started-at="2018-03-25T14:53:39Z" data-provider="getCRMTestData" finished-at="2018-03-25T14:53:45Z">
          <params>
            <param index="0">
              <value>
                <![CDATA[Mr.]]>
              </value>
            </param>
            <param index="1">
              <value>
                <![CDATA[Tom]]>
              </value>
            </param>
            <param index="2">
              <value>
                <![CDATA[Kumar]]>
              </value>
            </param>
            <param index="3">
              <value>
                <![CDATA[Amazon]]>
              </value>
            </param>
          </params>
          <reporter-output>
          </reporter-output>
        </test-method> <!-- validateCreatenewContact -->
        <test-method status="PASS" signature="tearDown()[pri:0, instance:com.crm.testcases.ContactsPageTest@14bef66]" name="tearDown" is-config="true" duration-ms="1592" started-at="2018-03-25T14:53:45Z" finished-at="2018-03-25T14:53:47Z">
          <reporter-output>
          </reporter-output>
        </test-method> <!-- tearDown -->
        <test-method status="PASS" signature="setUp()[pri:0, instance:com.crm.testcases.ContactsPageTest@14bef66]" name="setUp" is-config="true" duration-ms="38364" started-at="2018-03-25T14:53:47Z" finished-at="2018-03-25T14:54:25Z">
          <reporter-output>
          </reporter-output>
        </test-method> <!-- setUp -->
        <test-method status="PASS" signature="validateCreatenewContact(java.lang.String, java.lang.String, java.lang.String, java.lang.String)[pri:0, instance:com.crm.testcases.ContactsPageTest@14bef66]" name="validateCreatenewContact" duration-ms="8112" started-at="2018-03-25T14:54:25Z" data-provider="getCRMTestData" finished-at="2018-03-25T14:54:33Z">
          <params>
            <param index="0">
              <value>
                <![CDATA[Dr.]]>
              </value>
            </param>
            <param index="1">
              <value>
                <![CDATA[David]]>
              </value>
            </param>
            <param index="2">
              <value>
                <![CDATA[Kumar]]>
              </value>
            </param>
            <param index="3">
              <value>
                <![CDATA[Google]]>
              </value>
            </param>
          </params>
          <reporter-output>
          </reporter-output>
        </test-method> <!-- validateCreatenewContact -->
        <test-method status="PASS" signature="tearDown()[pri:0, instance:com.crm.testcases.ContactsPageTest@14bef66]" name="tearDown" is-config="true" duration-ms="2066" started-at="2018-03-25T14:54:33Z" finished-at="2018-03-25T14:54:35Z">
          <reporter-output>
          </reporter-output>
        </test-method> <!-- tearDown -->
        <test-method status="PASS" signature="setUp()[pri:0, instance:com.crm.testcases.ContactsPageTest@14bef66]" name="setUp" is-config="true" duration-ms="36793" started-at="2018-03-25T14:54:35Z" finished-at="2018-03-25T14:55:12Z">
          <reporter-output>
          </reporter-output>
        </test-method> <!-- setUp -->
        <test-method status="PASS" signature="validateCreatenewContact(java.lang.String, java.lang.String, java.lang.String, java.lang.String)[pri:0, instance:com.crm.testcases.ContactsPageTest@14bef66]" name="validateCreatenewContact" duration-ms="9507" started-at="2018-03-25T14:55:12Z" data-provider="getCRMTestData" finished-at="2018-03-25T14:55:22Z">
          <params>
            <param index="0">
              <value>
                <![CDATA[Mrs.]]>
              </value>
            </param>
            <param index="1">
              <value>
                <![CDATA[Shreya]]>
              </value>
            </param>
            <param index="2">
              <value>
                <![CDATA[Kumari]]>
              </value>
            </param>
            <param index="3">
              <value>
                <![CDATA[Microsoft]]>
              </value>
            </param>
          </params>
          <reporter-output>
          </reporter-output>
        </test-method> <!-- validateCreatenewContact -->
        <test-method status="PASS" signature="tearDown()[pri:0, instance:com.crm.testcases.ContactsPageTest@14bef66]" name="tearDown" is-config="true" duration-ms="3286" started-at="2018-03-25T14:55:22Z" finished-at="2018-03-25T14:55:25Z">
          <reporter-output>
          </reporter-output>
        </test-method> <!-- tearDown -->
        <test-method status="PASS" signature="setUp()[pri:0, instance:com.crm.testcases.ContactsPageTest@14bef66]" name="setUp" is-config="true" duration-ms="42308" started-at="2018-03-25T14:55:25Z" finished-at="2018-03-25T14:56:07Z">
          <reporter-output>
          </reporter-output>
        </test-method> <!-- setUp -->
        <test-method status="PASS" signature="selectSingleContactTest()[pri:0, instance:com.crm.testcases.ContactsPageTest@14bef66]" name="selectSingleContactTest" duration-ms="2972" started-at="2018-03-25T14:56:07Z" finished-at="2018-03-25T14:56:10Z">
          <reporter-output>
          </reporter-output>
        </test-method> <!-- selectSingleContactTest -->
        <test-method status="PASS" signature="tearDown()[pri:0, instance:com.crm.testcases.ContactsPageTest@14bef66]" name="tearDown" is-config="true" duration-ms="914" started-at="2018-03-25T14:56:10Z" finished-at="2018-03-25T14:56:11Z">
          <reporter-output>
          </reporter-output>
        </test-method> <!-- tearDown -->
        <test-method status="PASS" signature="setUp()[pri:0, instance:com.crm.testcases.ContactsPageTest@14bef66]" name="setUp" is-config="true" duration-ms="35679" started-at="2018-03-25T14:58:07Z" finished-at="2018-03-25T14:58:42Z">
          <reporter-output>
          </reporter-output>
        </test-method> <!-- setUp -->
        <test-method status="PASS" signature="selectMultipleContactTest()[pri:0, instance:com.crm.testcases.ContactsPageTest@14bef66]" name="selectMultipleContactTest" duration-ms="3091" started-at="2018-03-25T14:58:42Z" finished-at="2018-03-25T14:58:46Z">
          <reporter-output>
          </reporter-output>
        </test-method> <!-- selectMultipleContactTest -->
        <test-method status="PASS" signature="tearDown()[pri:0, instance:com.crm.testcases.ContactsPageTest@14bef66]" name="tearDown" is-config="true" duration-ms="773" started-at="2018-03-25T14:58:46Z" finished-at="2018-03-25T14:58:46Z">
          <reporter-output>
          </reporter-output>
        </test-method> <!-- tearDown -->
      </class> <!-- com.crm.testcases.ContactsPageTest -->
      <class name="com.crm.testcases.LoginPageTest">
        <test-method status="PASS" signature="setUp()[pri:0, instance:com.crm.testcases.LoginPageTest@1fb3ab6]" name="setUp" is-config="true" duration-ms="22274" started-at="2018-03-25T14:57:42Z" finished-at="2018-03-25T14:58:04Z">
          <reporter-output>
          </reporter-output>
        </test-method> <!-- setUp -->
        <test-method status="PASS" signature="loginPageTitle()[pri:0, instance:com.crm.testcases.LoginPageTest@1fb3ab6]" name="loginPageTitle" duration-ms="589" started-at="2018-03-25T14:58:04Z" finished-at="2018-03-25T14:58:05Z">
          <reporter-output>
          </reporter-output>
        </test-method> <!-- loginPageTitle -->
        <test-method status="PASS" signature="tearDown()[pri:0, instance:com.crm.testcases.LoginPageTest@1fb3ab6]" name="tearDown" is-config="true" duration-ms="1891" started-at="2018-03-25T14:58:05Z" finished-at="2018-03-25T14:58:07Z">
          <reporter-output>
          </reporter-output>
        </test-method> <!-- tearDown -->
        <test-method status="PASS" signature="setUp()[pri:0, instance:com.crm.testcases.LoginPageTest@1fb3ab6]" name="setUp" is-config="true" duration-ms="17703" started-at="2018-03-25T14:59:22Z" finished-at="2018-03-25T14:59:39Z">
          <reporter-output>
          </reporter-output>
        </test-method> <!-- setUp -->
        <test-method status="PASS" signature="crmLogoImageTest()[pri:0, instance:com.crm.testcases.LoginPageTest@1fb3ab6]" name="crmLogoImageTest" duration-ms="6181" started-at="2018-03-25T14:59:39Z" finished-at="2018-03-25T14:59:46Z">
          <reporter-output>
          </reporter-output>
        </test-method> <!-- crmLogoImageTest -->
        <test-method status="PASS" signature="tearDown()[pri:0, instance:com.crm.testcases.LoginPageTest@1fb3ab6]" name="tearDown" is-config="true" duration-ms="830" started-at="2018-03-25T14:59:46Z" finished-at="2018-03-25T14:59:46Z">
          <reporter-output>
          </reporter-output>
        </test-method> <!-- tearDown -->
        <test-method status="PASS" signature="setUp()[pri:0, instance:com.crm.testcases.LoginPageTest@1fb3ab6]" name="setUp" is-config="true" duration-ms="18286" started-at="2018-03-25T15:00:27Z" finished-at="2018-03-25T15:00:45Z">
          <reporter-output>
          </reporter-output>
        </test-method> <!-- setUp -->
        <test-method status="PASS" signature="loginTest()[pri:0, instance:com.crm.testcases.LoginPageTest@1fb3ab6]" name="loginTest" duration-ms="13289" started-at="2018-03-25T15:00:45Z" finished-at="2018-03-25T15:00:59Z">
          <reporter-output>
          </reporter-output>
        </test-method> <!-- loginTest -->
        <test-method status="PASS" signature="tearDown()[pri:0, instance:com.crm.testcases.LoginPageTest@1fb3ab6]" name="tearDown" is-config="true" duration-ms="974" started-at="2018-03-25T15:00:59Z" finished-at="2018-03-25T15:01:00Z">
          <reporter-output>
          </reporter-output>
        </test-method> <!-- tearDown -->
        <test-method status="PASS" signature="setUp()[pri:0, instance:com.crm.testcases.LoginPageTest@1fb3ab6]" name="setUp" is-config="true" duration-ms="16918" started-at="2018-03-25T15:01:00Z" finished-at="2018-03-25T15:01:16Z">
          <reporter-output>
          </reporter-output>
        </test-method> <!-- setUp -->
        <test-method status="FAIL" signature="validateForgotPasswordLink()[pri:0, instance:com.crm.testcases.LoginPageTest@1fb3ab6]" name="validateForgotPasswordLink" duration-ms="8673" started-at="2018-03-25T15:01:16Z" finished-at="2018-03-25T15:01:25Z">
          <exception class="org.openqa.selenium.WebDriverException">
            <message>
              <![CDATA[Element is not clickable at point (114.5, 522.5999755859375). Other element would receive the click: <div style="opacity: 0.582678;" id="preloader"></div>
Command duration or timeout: 477 milliseconds
Build info: version: '2.53.1', revision: 'a36b8b1cd5757287168e54b817830adce9b0158d', time: '2016-06-30 19:26:09'
System info: host: 'Admin-PC', ip: '192.168.1.122', os.name: 'Windows 10', os.arch: 'x86', os.version: '10.0', java.version: '1.8.0_131'
Driver info: org.openqa.selenium.firefox.FirefoxDriver
Capabilities [{applicationCacheEnabled=true, rotatable=false, handlesAlerts=true, databaseEnabled=true, version=47.0.1, platform=WINDOWS, nativeEvents=false, acceptSslCerts=true, webStorageEnabled=true, locationContextEnabled=true, browserName=firefox, takesScreenshot=true, javascriptEnabled=true, cssSelectorsEnabled=true}]
Session ID: 314280fa-10eb-4a58-820d-23f4677afd46]]>
            </message>
            <full-stacktrace>
              <![CDATA[org.openqa.selenium.WebDriverException: Element is not clickable at point (114.5, 522.5999755859375). Other element would receive the click: <div style="opacity: 0.582678;" id="preloader"></div>
Command duration or timeout: 477 milliseconds
Build info: version: '2.53.1', revision: 'a36b8b1cd5757287168e54b817830adce9b0158d', time: '2016-06-30 19:26:09'
System info: host: 'Admin-PC', ip: '192.168.1.122', os.name: 'Windows 10', os.arch: 'x86', os.version: '10.0', java.version: '1.8.0_131'
Driver info: org.openqa.selenium.firefox.FirefoxDriver
Capabilities [{applicationCacheEnabled=true, rotatable=false, handlesAlerts=true, databaseEnabled=true, version=47.0.1, platform=WINDOWS, nativeEvents=false, acceptSslCerts=true, webStorageEnabled=true, locationContextEnabled=true, browserName=firefox, takesScreenshot=true, javascriptEnabled=true, cssSelectorsEnabled=true}]
Session ID: 314280fa-10eb-4a58-820d-23f4677afd46
	at sun.reflect.NativeConstructorAccessorImpl.newInstance0(Native Method)
	at sun.reflect.NativeConstructorAccessorImpl.newInstance(NativeConstructorAccessorImpl.java:62)
	at sun.reflect.DelegatingConstructorAccessorImpl.newInstance(DelegatingConstructorAccessorImpl.java:45)
	at java.lang.reflect.Constructor.newInstance(Constructor.java:423)
	at org.openqa.selenium.remote.ErrorHandler.createThrowable(ErrorHandler.java:206)
	at org.openqa.selenium.remote.ErrorHandler.throwIfResponseFailed(ErrorHandler.java:158)
	at org.openqa.selenium.remote.RemoteWebDriver.execute(RemoteWebDriver.java:678)
	at org.openqa.selenium.remote.RemoteWebElement.execute(RemoteWebElement.java:327)
	at org.openqa.selenium.remote.RemoteWebElement.click(RemoteWebElement.java:85)
	at sun.reflect.GeneratedMethodAccessor6.invoke(Unknown Source)
	at sun.reflect.DelegatingMethodAccessorImpl.invoke(DelegatingMethodAccessorImpl.java:43)
	at java.lang.reflect.Method.invoke(Method.java:498)
	at org.openqa.selenium.support.events.EventFiringWebDriver$EventFiringWebElement$1.invoke(EventFiringWebDriver.java:335)
	at com.sun.proxy.$Proxy9.click(Unknown Source)
	at org.openqa.selenium.support.events.EventFiringWebDriver$EventFiringWebElement.click(EventFiringWebDriver.java:348)
	at sun.reflect.GeneratedMethodAccessor6.invoke(Unknown Source)
	at sun.reflect.DelegatingMethodAccessorImpl.invoke(DelegatingMethodAccessorImpl.java:43)
	at java.lang.reflect.Method.invoke(Method.java:498)
	at org.openqa.selenium.support.pagefactory.internal.LocatingElementHandler.invoke(LocatingElementHandler.java:51)
	at com.sun.proxy.$Proxy8.click(Unknown Source)
	at com.crm.qa.pages.LoginPage.clickForgotPassWord(LoginPage.java:52)
	at com.crm.testcases.LoginPageTest.validateForgotPasswordLink(LoginPageTest.java:52)
	at sun.reflect.NativeMethodAccessorImpl.invoke0(Native Method)
	at sun.reflect.NativeMethodAccessorImpl.invoke(NativeMethodAccessorImpl.java:62)
	at sun.reflect.DelegatingMethodAccessorImpl.invoke(DelegatingMethodAccessorImpl.java:43)
	at java.lang.reflect.Method.invoke(Method.java:498)
	at org.testng.internal.MethodInvocationHelper.invokeMethod(MethodInvocationHelper.java:80)
	at org.testng.internal.Invoker.invokeMethod(Invoker.java:714)
	at org.testng.internal.Invoker.invokeTestMethod(Invoker.java:901)
	at org.testng.internal.Invoker.invokeTestMethods(Invoker.java:1231)
	at org.testng.internal.TestMethodWorker.invokeTestMethods(TestMethodWorker.java:127)
	at org.testng.internal.TestMethodWorker.run(TestMethodWorker.java:111)
	at org.testng.TestRunner.privateRun(TestRunner.java:767)
	at org.testng.TestRunner.run(TestRunner.java:617)
	at org.testng.SuiteRunner.runTest(SuiteRunner.java:334)
	at org.testng.SuiteRunner.runSequentially(SuiteRunner.java:329)
	at org.testng.SuiteRunner.privateRun(SuiteRunner.java:291)
	at org.testng.SuiteRunner.run(SuiteRunner.java:240)
	at org.testng.SuiteRunnerWorker.runSuite(SuiteRunnerWorker.java:52)
	at org.testng.SuiteRunnerWorker.run(SuiteRunnerWorker.java:86)
	at org.testng.TestNG.runSuitesSequentially(TestNG.java:1198)
	at org.testng.TestNG.runSuitesLocally(TestNG.java:1123)
	at org.testng.TestNG.run(TestNG.java:1031)
	at org.apache.maven.surefire.testng.TestNGExecutor.run(TestNGExecutor.java:77)
	at org.apache.maven.surefire.testng.TestNGDirectoryTestSuite.executeMulti(TestNGDirectoryTestSuite.java:159)
	at org.apache.maven.surefire.testng.TestNGDirectoryTestSuite.execute(TestNGDirectoryTestSuite.java:99)
	at org.apache.maven.surefire.testng.TestNGProvider.invoke(TestNGProvider.java:106)
	at sun.reflect.NativeMethodAccessorImpl.invoke0(Native Method)
	at sun.reflect.NativeMethodAccessorImpl.invoke(NativeMethodAccessorImpl.java:62)
	at sun.reflect.DelegatingMethodAccessorImpl.invoke(DelegatingMethodAccessorImpl.java:43)
	at java.lang.reflect.Method.invoke(Method.java:498)
	at org.apache.maven.surefire.util.ReflectionUtils.invokeMethodWithArray(ReflectionUtils.java:189)
	at org.apache.maven.surefire.booter.ProviderFactory$ProviderProxy.invoke(ProviderFactory.java:165)
	at org.apache.maven.surefire.booter.ProviderFactory.invokeProvider(ProviderFactory.java:85)
	at org.apache.maven.surefire.booter.ForkedBooter.runSuitesInProcess(ForkedBooter.java:115)
	at org.apache.maven.surefire.booter.ForkedBooter.main(ForkedBooter.java:75)
]]>
            </full-stacktrace>
          </exception> <!-- org.openqa.selenium.WebDriverException -->
          <reporter-output>
          </reporter-output>
        </test-method> <!-- validateForgotPasswordLink -->
        <test-method status="PASS" signature="tearDown()[pri:0, instance:com.crm.testcases.LoginPageTest@1fb3ab6]" name="tearDown" is-config="true" duration-ms="851" started-at="2018-03-25T15:01:25Z" finished-at="2018-03-25T15:01:26Z">
          <reporter-output>
          </reporter-output>
        </test-method> <!-- tearDown -->
      </class> <!-- com.crm.testcases.LoginPageTest -->
    </test> <!-- Command line test -->
  </suite> <!-- Command line suite -->
</testng-results>
